UID          PID    PPID  C STIME TTY          TIME CMD
codespa+       1       0  0 10:15 ?        00:00:00 /sbin/docker-init -- /bin/sh -c echo Container started trap "exit 0" 15 /usr/local/share/ssh-init.sh /usr/local/share/docker-init.sh exec "$@" while sleep 1 & wait $!; do :; done -
codespa+       6       1  0 10:15 ?        00:00:00 /bin/sh -c echo Container started trap "exit 0" 15 /usr/local/share/ssh-init.sh /usr/local/share/docker-init.sh exec "$@" while sleep 1 & wait $!; do :; done -
root          34       1  0 10:15 ?        00:00:00 sshd: /usr/sbin/sshd [listener] 0 of 10-100 startups
root          57       1  0 10:15 ?        00:00:00 dockerd --dns 168.63.129.16
root          71      57  0 10:15 ?        00:00:00 containerd --config /var/run/docker/containerd/containerd.toml
codespa+     354       0  0 10:15 ?        00:00:00 /bin/sh
root         387       0  0 10:15 ?        00:00:00 /bin/sh
codespa+     526       0  0 10:15 ?        00:00:00 sh /home/codespace/.vscode-remote/bin/848b80aeb52026648a8ff9f7c45a9b0a80641e2e/bin/code-server --log trace --force-disable-user-env --server-data-dir /home/codespace/.vscode-remote --accept-server-license-terms --host 127.0.0.1 --port 0 --connection-token-file /home/codespace/.vscode-remote/data/Machine/.connection-token-848b80aeb52026648a8ff9f7c45a9b0a80641e2e --extensions-download-dir /home/codespace/.vscode-remote/extensionsCache --start-server  --enable-remote-auto-shutdown --skip-requirements-check
codespa+     535     526  0 10:15 ?        00:00:03 /vscode/bin/linux-x64/848b80aeb52026648a8ff9f7c45a9b0a80641e2e/node /vscode/bin/linux-x64/848b80aeb52026648a8ff9f7c45a9b0a80641e2e/out/server-main.js --log trace --force-disable-user-env --server-data-dir /home/codespace/.vscode-remote --accept-server-license-terms --host 127.0.0.1 --port 0 --connection-token-file /home/codespace/.vscode-remote/data/Machine/.connection-token-848b80aeb52026648a8ff9f7c45a9b0a80641e2e --extensions-download-dir /home/codespace/.vscode-remote/extensionsCache --start-server  --enable-remote-auto-shutdown --skip-requirements-check
codespa+     557     535  2 10:15 ?        00:00:18 /vscode/bin/linux-x64/848b80aeb52026648a8ff9f7c45a9b0a80641e2e/node --dns-result-order=ipv4first /vscode/bin/linux-x64/848b80aeb52026648a8ff9f7c45a9b0a80641e2e/out/bootstrap-fork --type=extensionHost --transformURIs --useHostProxy=false
codespa+     570     535  0 10:15 ?        00:00:00 /vscode/bin/linux-x64/848b80aeb52026648a8ff9f7c45a9b0a80641e2e/node /vscode/bin/linux-x64/848b80aeb52026648a8ff9f7c45a9b0a80641e2e/out/bootstrap-fork --type=fileWatcher
codespa+    1019     535  0 10:15 ?        00:00:01 /vscode/bin/linux-x64/848b80aeb52026648a8ff9f7c45a9b0a80641e2e/node /vscode/bin/linux-x64/848b80aeb52026648a8ff9f7c45a9b0a80641e2e/out/bootstrap-fork --type=ptyHost --logsPath /home/codespace/.vscode-remote/data/logs/20250522T101540
codespa+    1515    1019  0 10:15 pts/1    00:00:00 /bin/bash --init-file /vscode/bin/linux-x64/848b80aeb52026648a8ff9f7c45a9b0a80641e2e/out/vs/workbench/contrib/terminal/common/scripts/shellIntegration-bash.sh
codespa+    1946       0  0 10:15 ?        00:00:00 /bin/sh
root        2008       0  0 10:15 ?        00:00:00 /bin/sh
codespa+    9787       6  0 10:30 ?        00:00:00 sleep 1
codespa+    9789    1515  0 10:30 pts/1    00:00:00 /bin/bash ./List_aws_resource.sh
codespa+    9794    9789  0 10:30 pts/1    00:00:00 ps -ef
<<<<<<< HEAD
=======



>>>>>>> 869f394c8062009aeb83bc8937dc573a26a640ad
hello world